-------------------------------------------------------------------------------
Test set: pl.s15778.tau.candle.DatabaseTestSuite
-------------------------------------------------------------------------------
Tests run: 12, Failures: 0, Errors: 12, Skipped: 0, Time elapsed: 12.322 s <<< FAILURE! - in pl.s15778.tau.candle.DatabaseTestSuite
checkAdding(pl.s15778.tau.candle.dao.CandleDaoTest)  Time elapsed: 2.136 s  <<< ERROR!
java.sql.SQLTransientConnectionException: java.net.ConnectException: Connection refused: connect
	at pl.s15778.tau.candle.dao.CandleDaoTest.setup(CandleDaoTest.java:34)
Caused by: org.hsqldb.HsqlException: java.net.ConnectException: Connection refused: connect
	at pl.s15778.tau.candle.dao.CandleDaoTest.setup(CandleDaoTest.java:34)
Caused by: java.net.ConnectException: Connection refused: connect
	at pl.s15778.tau.candle.dao.CandleDaoTest.setup(CandleDaoTest.java:34)

checkAdding(pl.s15778.tau.candle.dao.CandleDaoTest)  Time elapsed: 2.136 s  <<< ERROR!
java.sql.SQLTransientConnectionException: java.net.ConnectException: Connection refused: connect
	at pl.s15778.tau.candle.dao.CandleDaoTest.cleanup(CandleDaoTest.java:69)
Caused by: org.hsqldb.HsqlException: java.net.ConnectException: Connection refused: connect
	at pl.s15778.tau.candle.dao.CandleDaoTest.cleanup(CandleDaoTest.java:69)
Caused by: java.net.ConnectException: Connection refused: connect
	at pl.s15778.tau.candle.dao.CandleDaoTest.cleanup(CandleDaoTest.java:69)

checkDeleting(pl.s15778.tau.candle.dao.CandleDaoTest)  Time elapsed: 2.03 s  <<< ERROR!
java.sql.SQLTransientConnectionException: java.net.ConnectException: Connection refused: connect
	at pl.s15778.tau.candle.dao.CandleDaoTest.setup(CandleDaoTest.java:34)
Caused by: org.hsqldb.HsqlException: java.net.ConnectException: Connection refused: connect
	at pl.s15778.tau.candle.dao.CandleDaoTest.setup(CandleDaoTest.java:34)
Caused by: java.net.ConnectException: Connection refused: connect
	at pl.s15778.tau.candle.dao.CandleDaoTest.setup(CandleDaoTest.java:34)

checkDeleting(pl.s15778.tau.candle.dao.CandleDaoTest)  Time elapsed: 2.03 s  <<< ERROR!
java.sql.SQLTransientConnectionException: java.net.ConnectException: Connection refused: connect
	at pl.s15778.tau.candle.dao.CandleDaoTest.cleanup(CandleDaoTest.java:69)
Caused by: org.hsqldb.HsqlException: java.net.ConnectException: Connection refused: connect
	at pl.s15778.tau.candle.dao.CandleDaoTest.cleanup(CandleDaoTest.java:69)
Caused by: java.net.ConnectException: Connection refused: connect
	at pl.s15778.tau.candle.dao.CandleDaoTest.cleanup(CandleDaoTest.java:69)

checkGetting(pl.s15778.tau.candle.dao.CandleDaoTest)  Time elapsed: 2.032 s  <<< ERROR!
java.sql.SQLTransientConnectionException: java.net.ConnectException: Connection refused: connect
	at pl.s15778.tau.candle.dao.CandleDaoTest.setup(CandleDaoTest.java:34)
Caused by: org.hsqldb.HsqlException: java.net.ConnectException: Connection refused: connect
	at pl.s15778.tau.candle.dao.CandleDaoTest.setup(CandleDaoTest.java:34)
Caused by: java.net.ConnectException: Connection refused: connect
	at pl.s15778.tau.candle.dao.CandleDaoTest.setup(CandleDaoTest.java:34)

checkGetting(pl.s15778.tau.candle.dao.CandleDaoTest)  Time elapsed: 2.032 s  <<< ERROR!
java.sql.SQLTransientConnectionException: java.net.ConnectException: Connection refused: connect
	at pl.s15778.tau.candle.dao.CandleDaoTest.cleanup(CandleDaoTest.java:69)
Caused by: org.hsqldb.HsqlException: java.net.ConnectException: Connection refused: connect
	at pl.s15778.tau.candle.dao.CandleDaoTest.cleanup(CandleDaoTest.java:69)
Caused by: java.net.ConnectException: Connection refused: connect
	at pl.s15778.tau.candle.dao.CandleDaoTest.cleanup(CandleDaoTest.java:69)

checkDeletingFail(pl.s15778.tau.candle.dao.CandleDaoTest)  Time elapsed: 2.031 s  <<< ERROR!
java.sql.SQLTransientConnectionException: java.net.ConnectException: Connection refused: connect
	at pl.s15778.tau.candle.dao.CandleDaoTest.setup(CandleDaoTest.java:34)
Caused by: org.hsqldb.HsqlException: java.net.ConnectException: Connection refused: connect
	at pl.s15778.tau.candle.dao.CandleDaoTest.setup(CandleDaoTest.java:34)
Caused by: java.net.ConnectException: Connection refused: connect
	at pl.s15778.tau.candle.dao.CandleDaoTest.setup(CandleDaoTest.java:34)

checkDeletingFail(pl.s15778.tau.candle.dao.CandleDaoTest)  Time elapsed: 2.031 s  <<< ERROR!
java.sql.SQLTransientConnectionException: java.net.ConnectException: Connection refused: connect
	at pl.s15778.tau.candle.dao.CandleDaoTest.cleanup(CandleDaoTest.java:69)
Caused by: org.hsqldb.HsqlException: java.net.ConnectException: Connection refused: connect
	at pl.s15778.tau.candle.dao.CandleDaoTest.cleanup(CandleDaoTest.java:69)
Caused by: java.net.ConnectException: Connection refused: connect
	at pl.s15778.tau.candle.dao.CandleDaoTest.cleanup(CandleDaoTest.java:69)

checkUpdatingSuccess(pl.s15778.tau.candle.dao.CandleDaoTest)  Time elapsed: 2.02 s  <<< ERROR!
java.sql.SQLTransientConnectionException: java.net.ConnectException: Connection refused: connect
	at pl.s15778.tau.candle.dao.CandleDaoTest.setup(CandleDaoTest.java:34)
Caused by: org.hsqldb.HsqlException: java.net.ConnectException: Connection refused: connect
	at pl.s15778.tau.candle.dao.CandleDaoTest.setup(CandleDaoTest.java:34)
Caused by: java.net.ConnectException: Connection refused: connect
	at pl.s15778.tau.candle.dao.CandleDaoTest.setup(CandleDaoTest.java:34)

checkUpdatingSuccess(pl.s15778.tau.candle.dao.CandleDaoTest)  Time elapsed: 2.021 s  <<< ERROR!
java.sql.SQLTransientConnectionException: java.net.ConnectException: Connection refused: connect
	at pl.s15778.tau.candle.dao.CandleDaoTest.cleanup(CandleDaoTest.java:69)
Caused by: org.hsqldb.HsqlException: java.net.ConnectException: Connection refused: connect
	at pl.s15778.tau.candle.dao.CandleDaoTest.cleanup(CandleDaoTest.java:69)
Caused by: java.net.ConnectException: Connection refused: connect
	at pl.s15778.tau.candle.dao.CandleDaoTest.cleanup(CandleDaoTest.java:69)

checkUpdatingFailure(pl.s15778.tau.candle.dao.CandleDaoTest)  Time elapsed: 2.007 s  <<< ERROR!
java.sql.SQLTransientConnectionException: java.net.ConnectException: Connection refused: connect
	at pl.s15778.tau.candle.dao.CandleDaoTest.setup(CandleDaoTest.java:34)
Caused by: org.hsqldb.HsqlException: java.net.ConnectException: Connection refused: connect
	at pl.s15778.tau.candle.dao.CandleDaoTest.setup(CandleDaoTest.java:34)
Caused by: java.net.ConnectException: Connection refused: connect
	at pl.s15778.tau.candle.dao.CandleDaoTest.setup(CandleDaoTest.java:34)

checkUpdatingFailure(pl.s15778.tau.candle.dao.CandleDaoTest)  Time elapsed: 2.008 s  <<< ERROR!
java.sql.SQLTransientConnectionException: java.net.ConnectException: Connection refused: connect
	at pl.s15778.tau.candle.dao.CandleDaoTest.cleanup(CandleDaoTest.java:69)
Caused by: org.hsqldb.HsqlException: java.net.ConnectException: Connection refused: connect
	at pl.s15778.tau.candle.dao.CandleDaoTest.cleanup(CandleDaoTest.java:69)
Caused by: java.net.ConnectException: Connection refused: connect
	at pl.s15778.tau.candle.dao.CandleDaoTest.cleanup(CandleDaoTest.java:69)

