<?xml version="1.0" encoding="UTF-8"?>
<testsuite xmlns:xsi="http://www.w3.org/2001/XMLSchema-instance" xsi:noNamespaceSchemaLocation="https://maven.apache.org/surefire/maven-surefire-plugin/xsd/surefire-test-report.xsd" name="pl.s15778.tau.candle.DatabaseTestSuite" time="10.295" tests="10" errors="10" skipped="0" failures="0">
  <properties>
[...]
</properties>
  <testcase name="checkAdding" classname="pl.s15778.tau.candle.dao.CandleDaoTest" time="2.135">
    <error message="java.net.ConnectException: Connection refused: connect" type="java.sql.SQLTransientConnectionException">java.sql.SQLTransientConnectionException: java.net.ConnectException: Connection refused: connect
	at pl.s15778.tau.candle.dao.CandleDaoTest.setup(CandleDaoTest.java:34)
Caused by: org.hsqldb.HsqlException: java.net.ConnectException: Connection refused: connect
	at pl.s15778.tau.candle.dao.CandleDaoTest.setup(CandleDaoTest.java:34)
Caused by: java.net.ConnectException: Connection refused: connect
	at pl.s15778.tau.candle.dao.CandleDaoTest.setup(CandleDaoTest.java:34)
</error>
  </testcase>
  <testcase name="checkAdding" classname="pl.s15778.tau.candle.dao.CandleDaoTest" time="2.135">
    <error message="java.net.ConnectException: Connection refused: connect" type="java.sql.SQLTransientConnectionException">java.sql.SQLTransientConnectionException: java.net.ConnectException: Connection refused: connect
	at pl.s15778.tau.candle.dao.CandleDaoTest.cleanup(CandleDaoTest.java:69)
Caused by: org.hsqldb.HsqlException: java.net.ConnectException: Connection refused: connect
	at pl.s15778.tau.candle.dao.CandleDaoTest.cleanup(CandleDaoTest.java:69)
Caused by: java.net.ConnectException: Connection refused: connect
	at pl.s15778.tau.candle.dao.CandleDaoTest.cleanup(CandleDaoTest.java:69)
</error>
  </testcase>
  <testcase name="checkDeleting" classname="pl.s15778.tau.candle.dao.CandleDaoTest" time="2.032">
    <error message="java.net.ConnectException: Connection refused: connect" type="java.sql.SQLTransientConnectionException">java.sql.SQLTransientConnectionException: java.net.ConnectException: Connection refused: connect
	at pl.s15778.tau.candle.dao.CandleDaoTest.setup(CandleDaoTest.java:34)
Caused by: org.hsqldb.HsqlException: java.net.ConnectException: Connection refused: connect
	at pl.s15778.tau.candle.dao.CandleDaoTest.setup(CandleDaoTest.java:34)
Caused by: java.net.ConnectException: Connection refused: connect
	at pl.s15778.tau.candle.dao.CandleDaoTest.setup(CandleDaoTest.java:34)
</error>
  </testcase>
  <testcase name="checkDeleting" classname="pl.s15778.tau.candle.dao.CandleDaoTest" time="2.032">
    <error message="java.net.ConnectException: Connection refused: connect" type="java.sql.SQLTransientConnectionException">java.sql.SQLTransientConnectionException: java.net.ConnectException: Connection refused: connect
	at pl.s15778.tau.candle.dao.CandleDaoTest.cleanup(CandleDaoTest.java:69)
Caused by: org.hsqldb.HsqlException: java.net.ConnectException: Connection refused: connect
	at pl.s15778.tau.candle.dao.CandleDaoTest.cleanup(CandleDaoTest.java:69)
Caused by: java.net.ConnectException: Connection refused: connect
	at pl.s15778.tau.candle.dao.CandleDaoTest.cleanup(CandleDaoTest.java:69)
</error>
  </testcase>
  <testcase name="checkGetting" classname="pl.s15778.tau.candle.dao.CandleDaoTest" time="2.032">
    <error message="java.net.ConnectException: Connection refused: connect" type="java.sql.SQLTransientConnectionException">java.sql.SQLTransientConnectionException: java.net.ConnectException: Connection refused: connect
	at pl.s15778.tau.candle.dao.CandleDaoTest.setup(CandleDaoTest.java:34)
Caused by: org.hsqldb.HsqlException: java.net.ConnectException: Connection refused: connect
	at pl.s15778.tau.candle.dao.CandleDaoTest.setup(CandleDaoTest.java:34)
Caused by: java.net.ConnectException: Connection refused: connect
	at pl.s15778.tau.candle.dao.CandleDaoTest.setup(CandleDaoTest.java:34)
</error>
  </testcase>
  <testcase name="checkGetting" classname="pl.s15778.tau.candle.dao.CandleDaoTest" time="2.033">
    <error message="java.net.ConnectException: Connection refused: connect" type="java.sql.SQLTransientConnectionException">java.sql.SQLTransientConnectionException: java.net.ConnectException: Connection refused: connect
	at pl.s15778.tau.candle.dao.CandleDaoTest.cleanup(CandleDaoTest.java:69)
Caused by: org.hsqldb.HsqlException: java.net.ConnectException: Connection refused: connect
	at pl.s15778.tau.candle.dao.CandleDaoTest.cleanup(CandleDaoTest.java:69)
Caused by: java.net.ConnectException: Connection refused: connect
	at pl.s15778.tau.candle.dao.CandleDaoTest.cleanup(CandleDaoTest.java:69)
</error>
  </testcase>
  <testcase name="checkUpdatingSuccess" classname="pl.s15778.tau.candle.dao.CandleDaoTest" time="2.005">
    <error message="java.net.ConnectException: Connection refused: connect" type="java.sql.SQLTransientConnectionException">java.sql.SQLTransientConnectionException: java.net.ConnectException: Connection refused: connect
	at pl.s15778.tau.candle.dao.CandleDaoTest.setup(CandleDaoTest.java:34)
Caused by: org.hsqldb.HsqlException: java.net.ConnectException: Connection refused: connect
	at pl.s15778.tau.candle.dao.CandleDaoTest.setup(CandleDaoTest.java:34)
Caused by: java.net.ConnectException: Connection refused: connect
	at pl.s15778.tau.candle.dao.CandleDaoTest.setup(CandleDaoTest.java:34)
</error>
  </testcase>
  <testcase name="checkUpdatingSuccess" classname="pl.s15778.tau.candle.dao.CandleDaoTest" time="2.006">
    <error message="java.net.ConnectException: Connection refused: connect" type="java.sql.SQLTransientConnectionException">java.sql.SQLTransientConnectionException: java.net.ConnectException: Connection refused: connect
	at pl.s15778.tau.candle.dao.CandleDaoTest.cleanup(CandleDaoTest.java:69)
Caused by: org.hsqldb.HsqlException: java.net.ConnectException: Connection refused: connect
	at pl.s15778.tau.candle.dao.CandleDaoTest.cleanup(CandleDaoTest.java:69)
Caused by: java.net.ConnectException: Connection refused: connect
	at pl.s15778.tau.candle.dao.CandleDaoTest.cleanup(CandleDaoTest.java:69)
</error>
  </testcase>
  <testcase name="checkUpdatingFailure" classname="pl.s15778.tau.candle.dao.CandleDaoTest" time="2.007">
    <error message="java.net.ConnectException: Connection refused: connect" type="java.sql.SQLTransientConnectionException">java.sql.SQLTransientConnectionException: java.net.ConnectException: Connection refused: connect
	at pl.s15778.tau.candle.dao.CandleDaoTest.setup(CandleDaoTest.java:34)
Caused by: org.hsqldb.HsqlException: java.net.ConnectException: Connection refused: connect
	at pl.s15778.tau.candle.dao.CandleDaoTest.setup(CandleDaoTest.java:34)
Caused by: java.net.ConnectException: Connection refused: connect
	at pl.s15778.tau.candle.dao.CandleDaoTest.setup(CandleDaoTest.java:34)
</error>
  </testcase>
  <testcase name="checkUpdatingFailure" classname="pl.s15778.tau.candle.dao.CandleDaoTest" time="2.008">
    <error message="java.net.ConnectException: Connection refused: connect" type="java.sql.SQLTransientConnectionException">java.sql.SQLTransientConnectionException: java.net.ConnectException: Connection refused: connect
	at pl.s15778.tau.candle.dao.CandleDaoTest.cleanup(CandleDaoTest.java:69)
Caused by: org.hsqldb.HsqlException: java.net.ConnectException: Connection refused: connect
	at pl.s15778.tau.candle.dao.CandleDaoTest.cleanup(CandleDaoTest.java:69)
Caused by: java.net.ConnectException: Connection refused: connect
	at pl.s15778.tau.candle.dao.CandleDaoTest.cleanup(CandleDaoTest.java:69)
</error>
  </testcase>
</testsuite>